{"type":"server-started","port":61506,"host":"127.0.0.1","url_host":"localhost","url":"http://localhost:61506","screen_dir":"/Users/michaelmarkman/Documents/map-poster-app/.superpowers/brainstorm/67979-1774984384/content","state_dir":"/Users/michaelmarkman/Documents/map-poster-app/.superpowers/brainstorm/67979-1774984384/state"}
{"type":"screen-added","file":"/Users/michaelmarkman/Documents/map-poster-app/.superpowers/brainstorm/67979-1774984384/content/use-cases.html"}
{"type":"screen-updated","file":"/Users/michaelmarkman/Documents/map-poster-app/.superpowers/brainstorm/67979-1774984384/content/use-cases.html"}
{"type":"screen-updated","file":"/Users/michaelmarkman/Documents/map-poster-app/.superpowers/brainstorm/67979-1774984384/content/use-cases.html"}
{"source":"user-event","type":"click","text":"Where We Met\n        Washington Sq Park • Sep 2019\n      \n    \n    \n      💕 Where We Met\n      Couples / best friends — the exact location where it all started. Wedding gift, anniversary, Valentine's Day. Coordinates + date. Deeply personal, high emotional value.","choice":"gift-where-we-met","id":null,"timestamp":1774985081502}
{"source":"user-event","type":"click","text":"Our Spot\n        The Wren • Bowery, NYC\n      \n    \n    \n      🍸 \"Our Bar\" / Favorite Spot\n      The bar where your friend group always ends up. The coffee shop. The taco place. Zoomed-in street-level poster with a pin + the spot's name. Inside joke as wall art.","choice":"gift-favorite-bar","id":null,"timestamp":1774985082243}
{"source":"user-event","type":"click","text":"Our Spot\n        The Wren • Bowery, NYC\n      \n    \n    \n      🍸 \"Our Bar\" / Favorite Spot\n      The bar where your friend group always ends up. The coffee shop. The taco place. Zoomed-in street-level poster with a pin + the spot's name. Inside joke as wall art.","choice":"gift-favorite-bar","id":null,"timestamp":1774985082951}
{"source":"user-event","type":"click","text":"Our Spot\n        The Wren • Bowery, NYC\n      \n    \n    \n      🍸 \"Our Bar\" / Favorite Spot\n      The bar where your friend group always ends up. The coffee shop. The taco place. Zoomed-in street-level poster with a pin + the spot's name. Inside joke as wall art.","choice":"gift-favorite-bar","id":null,"timestamp":1774985084493}
{"source":"user-event","type":"click","text":"Our First Home\n        Brooklyn, NY • 2024\n      \n    \n    \n      🏠 First Apartment / New Home\n      Friend buys their first place — gift them a poster of that exact block/neighborhood. Housewarming gold. Add move-in date, address, coordinates.","choice":"gift-first-home","id":null,"timestamp":1774985084887}
{"source":"user-event","type":"click","text":"Chicago\n        41.8781° N, 87.6298° W\n      \n    \n    \n      🏙️ Hometown Pride\n      Rep where you're from. Full city map, neighborhood zoom, or iconic area. Great for people who moved away but still identify hard with their city. Self-purchase + gift.","choice":"hometown-pride","id":null,"timestamp":1774985086810}
{"source":"user-event","type":"click","text":"Paris\n        Summer 2023\n      \n    \n    \n      ✈️ Trip Memento\n      That trip to Paris, Tokyo, Barcelona. A poster of the neighborhood you stayed in, walking routes highlighted. Better than a fridge magnet. Gallery wall of places you've been.","choice":"travel-memory","id":null,"timestamp":1774985087310}
{"source":"user-event","type":"click","text":"26.2 Miles\n        NYC Marathon • Nov 2024\n      \n    \n    \n      🏃 Race Route / Marathon\n      Your friend ran a marathon — gift them the actual route overlaid on the city map. Finish time as subtitle. Works for any race, cycling event, triathlon. Achievement + location.","choice":"marathon-race","id":null,"timestamp":1774985088703}
{"source":"user-event","type":"click","text":"Yes\n        She Said Yes\n        Central Park • Oct 14, 2023\n      \n    \n    \n      💍 Proposal / Wedding Venue\n      Where they got engaged. Where they got married. Engagement party gift, bridal shower, anniversary. Two locations on one poster? \"Where we said yes\" + \"Where we said I do.\"","choice":"proposal-spot","id":null,"timestamp":1774985090460}
{"source":"user-event","type":"click","text":"Yes\n        She Said Yes\n        Central Park • Oct 14, 2023\n      \n    \n    \n      💍 Proposal / Wedding Venue\n      Where they got engaged. Where they got married. Engagement party gift, bridal shower, anniversary. Two locations on one poster? \"Where we said yes\" + \"Where we said I do.\"","choice":"proposal-spot","id":null,"timestamp":1774985091021}
{"source":"user-event","type":"click","text":"Our Story\n        4 places that matter\n      \n    \n    \n      📍 Multi-Pin Story Map\n      Not one location — a collection. \"Every apartment we've lived in.\" \"Our 5 favorite restaurants.\" \"Where we met → first date → engaged → married.\" A relationship or friendship told through pins on a map.","choice":"multi-pin-story","id":null,"timestamp":1774985092910}
{"source":"user-event","type":"click","text":"Go Blue\n        Ann Arbor, MI • Class of '22\n      \n    \n    \n      🎓 College Town / Campus\n      Graduation gift. The campus and surrounding streets where they spent 4 years. Add school colors as the poster palette. Class year as subtitle. Nostalgia machine.","choice":"college-campus","id":null,"timestamp":1774985098218}
{"source":"user-event","type":"click","text":"Go Blue\n        Ann Arbor, MI • Class of '22\n      \n    \n    \n      🎓 College Town / Campus\n      Graduation gift. The campus and surrounding streets where they spent 4 years. Add school colors as the poster palette. Class year as subtitle. Nostalgia machine.","choice":"college-campus","id":null,"timestamp":1774985100226}
{"source":"user-event","type":"click","text":"Chicago\n        41.8781° N, 87.6298° W\n      \n    \n    \n      🏙️ Hometown Pride\n      Rep where you're from. Full city map, neighborhood zoom, or iconic area. Great for people who moved away but still identify hard with their city. Self-purchase + gift.","choice":"hometown-pride","id":null,"timestamp":1774985103120}
{"type":"screen-added","file":"/Users/michaelmarkman/Documents/map-poster-app/.superpowers/brainstorm/67979-1774984384/content/single-vs-multi.html"}
{"type":"screen-updated","file":"/Users/michaelmarkman/Documents/map-poster-app/.superpowers/brainstorm/67979-1774984384/content/single-vs-multi.html"}
{"type":"screen-updated","file":"/Users/michaelmarkman/Documents/map-poster-app/.superpowers/brainstorm/67979-1774984384/content/single-vs-multi.html"}
{"type":"screen-updated","file":"/Users/michaelmarkman/Documents/map-poster-app/.superpowers/brainstorm/67979-1774984384/content/single-vs-multi.html"}
{"type":"server-stopped","reason":"owner process exited"}
